<?xml version="1.0" encoding="UTF-8"?>
<!-- Generated by org.testng.reporters.JUnitReportReporter -->
<testsuite hostname="ubuntu" name="com.ardublock.MainTest" tests="2" failures="0" timestamp="26 Oct 2017 10:42:36 GMT" time="0.003" errors="0">
  <testcase name="testSingleLoop" time="0.002" classname="com.ardublock.MainTest"/>
  <testcase name="testFiles" time="0.001" classname="com.ardublock.MainTest"/>
</testsuite>
