<?xml version="1.0" encoding="UTF-8"?>
<!-- Generated by org.testng.reporters.JUnitReportReporter -->
<testsuite hostname="ubuntu" name="com.ardublock.MainTest" tests="2" failures="0" timestamp="20 Oct 2017 09:28:29 GMT" time="0.006" errors="0">
  <testcase name="testSingleLoop" time="0.004" classname="com.ardublock.MainTest"/>
  <testcase name="testFiles" time="0.002" classname="com.ardublock.MainTest"/>
</testsuite>
